Arguments: 
  /usr/local/bin/node /Users/ahmedibrahim/.yarn/bin/yarn.js add --dev hardhad

PATH: 
  /Users/ahmedibrahim/.yarn/bin:/Users/ahmedibrahim/.config/yarn/global/node_modules/.bin:/usr/local/opt/openssl@3/bin:/opt/homebrew/opt/openssl@1.1/bin:/opt/homebrew/opt/openssl@1.1/bin:/opt/homebrew/bin:/opt/homebrew/sbin:/usr/local/bin:/usr/bin:/bin:/usr/sbin:/sbin:/Users/ahmedibrahim/developer/solana/bin:/usr/local/go/bin:/usr/local/MacGPG2/bin:/Library/Apple/usr/bin:/Users/ahmedibrahim/.yarn/bin:/Users/ahmedibrahim/.config/yarn/global/node_modules/.bin:/usr/local/opt/openssl@3/bin:/opt/homebrew/opt/openssl@1.1/bin:/opt/homebrew/bin:/opt/homebrew/sbin

Yarn version: 
  1.22.18

Node version: 
  14.17.0

Platform: 
  darwin x64

Trace: 
  Error: https://registry.npmjs.org/hardhad: Not found
      at Request.params.callback [as _callback] (/Users/ahmedibrahim/.yarn/lib/cli.js:66138:18)
      at Request.self.callback (/Users/ahmedibrahim/.yarn/lib/cli.js:140883:22)
      at Request.emit (events.js:376:20)
      at Request.<anonymous> (/Users/ahmedibrahim/.yarn/lib/cli.js:141855:10)
      at Request.emit (events.js:376:20)
      at IncomingMessage.<anonymous> (/Users/ahmedibrahim/.yarn/lib/cli.js:141777:12)
      at Object.onceWrapper (events.js:482:28)
      at IncomingMessage.emit (events.js:388:22)
      at endReadableNT (internal/streams/readable.js:1336:12)
      at processTicksAndRejections (internal/process/task_queues.js:82:21)

npm manifest: 
  {
    "name": "basics102-hardhad",
    "version": "1.0.0",
    "description": "",
    "main": "index.js",
    "scripts": {
      "test": "echo \"Error: no test specified\" && exit 1"
    },
    "keywords": [],
    "author": "",
    "license": "ISC"
  }

yarn manifest: 
  No manifest

Lockfile: 
  No lockfile
